{"E:\\ReactCode\\CoursesFullstack\\bloglist-frontend\\src\\App.js": {"path":"E:\\ReactCode\\CoursesFullstack\\bloglist-frontend\\src\\App.js","statementMap":{"0":{"start":{"line":13,"column":10},"end":{"line":176,"column":1}},"1":{"start":{"line":14,"column":31},"end":{"line":14,"column":43}},"2":{"start":{"line":15,"column":33},"end":{"line":15,"column":45}},"3":{"start":{"line":16,"column":25},"end":{"line":16,"column":39}},"4":{"start":{"line":17,"column":25},"end":{"line":17,"column":37}},"5":{"start":{"line":18,"column":39},"end":{"line":18,"column":53}},"6":{"start":{"line":19,"column":25},"end":{"line":19,"column":37}},"7":{"start":{"line":20,"column":27},"end":{"line":20,"column":39}},"8":{"start":{"line":21,"column":22},"end":{"line":21,"column":34}},"9":{"start":{"line":22,"column":24},"end":{"line":22,"column":41}},"10":{"start":{"line":23,"column":2},"end":{"line":32,"column":9}},"11":{"start":{"line":25,"column":6},"end":{"line":31,"column":10}},"12":{"start":{"line":29,"column":13},"end":{"line":29,"column":35}},"13":{"start":{"line":35,"column":4},"end":{"line":42,"column":11}},"14":{"start":{"line":36,"column":30},"end":{"line":36,"column":71}},"15":{"start":{"line":37,"column":8},"end":{"line":41,"column":18}},"16":{"start":{"line":38,"column":25},"end":{"line":38,"column":51}},"17":{"start":{"line":39,"column":17},"end":{"line":39,"column":30}},"18":{"start":{"line":40,"column":17},"end":{"line":40,"column":49}},"19":{"start":{"line":44,"column":22},"end":{"line":66,"column":3}},"20":{"start":{"line":45,"column":4},"end":{"line":45,"column":26}},"21":{"start":{"line":46,"column":4},"end":{"line":65,"column":5}},"22":{"start":{"line":47,"column":19},"end":{"line":49,"column":8}},"23":{"start":{"line":51,"column":6},"end":{"line":53,"column":7}},"24":{"start":{"line":54,"column":6},"end":{"line":54,"column":38}},"25":{"start":{"line":55,"column":6},"end":{"line":55,"column":19}},"26":{"start":{"line":56,"column":6},"end":{"line":56,"column":21}},"27":{"start":{"line":57,"column":6},"end":{"line":57,"column":21}},"28":{"start":{"line":61,"column":6},"end":{"line":61,"column":51}},"29":{"start":{"line":62,"column":6},"end":{"line":64,"column":14}},"30":{"start":{"line":63,"column":8},"end":{"line":63,"column":29}},"31":{"start":{"line":68,"column":22},"end":{"line":75,"column":1}},"32":{"start":{"line":69,"column":15},"end":{"line":69,"column":43}},"33":{"start":{"line":69,"column":29},"end":{"line":69,"column":42}},"34":{"start":{"line":71,"column":23},"end":{"line":71,"column":51}},"35":{"start":{"line":73,"column":21},"end":{"line":73,"column":66}},"36":{"start":{"line":74,"column":7},"end":{"line":74,"column":57}},"37":{"start":{"line":74,"column":29},"end":{"line":74,"column":55}},"38":{"start":{"line":77,"column":13},"end":{"line":83,"column":5}},"39":{"start":{"line":77,"column":17},"end":{"line":83,"column":5}},"40":{"start":{"line":78,"column":4},"end":{"line":82,"column":7}},"41":{"start":{"line":87,"column":17},"end":{"line":112,"column":1}},"42":{"start":{"line":88,"column":2},"end":{"line":88,"column":20}},"43":{"start":{"line":89,"column":3},"end":{"line":89,"column":41}},"44":{"start":{"line":90,"column":16},"end":{"line":94,"column":3}},"45":{"start":{"line":95,"column":2},"end":{"line":111,"column":3}},"46":{"start":{"line":96,"column":17},"end":{"line":96,"column":54}},"47":{"start":{"line":97,"column":4},"end":{"line":97,"column":16}},"48":{"start":{"line":98,"column":4},"end":{"line":98,"column":17}},"49":{"start":{"line":99,"column":4},"end":{"line":99,"column":14}},"50":{"start":{"line":100,"column":4},"end":{"line":100,"column":33}},"51":{"start":{"line":101,"column":4},"end":{"line":101,"column":67}},"52":{"start":{"line":102,"column":5},"end":{"line":104,"column":12}},"53":{"start":{"line":103,"column":7},"end":{"line":103,"column":28}},"54":{"start":{"line":107,"column":4},"end":{"line":107,"column":38}},"55":{"start":{"line":108,"column":4},"end":{"line":110,"column":11}},"56":{"start":{"line":109,"column":6},"end":{"line":109,"column":27}},"57":{"start":{"line":114,"column":17},"end":{"line":122,"column":1}},"58":{"start":{"line":115,"column":20},"end":{"line":115,"column":29}},"59":{"start":{"line":116,"column":6},"end":{"line":116,"column":33}},"60":{"start":{"line":117,"column":6},"end":{"line":117,"column":19}},"61":{"start":{"line":118,"column":6},"end":{"line":118,"column":50}},"62":{"start":{"line":119,"column":7},"end":{"line":121,"column":14}},"63":{"start":{"line":120,"column":9},"end":{"line":120,"column":30}},"64":{"start":{"line":124,"column":16},"end":{"line":144,"column":3}},"65":{"start":{"line":126,"column":4},"end":{"line":143,"column":5}},"66":{"start":{"line":146,"column":2},"end":{"line":174,"column":3}},"67":{"start":{"line":154,"column":27},"end":{"line":154,"column":35}}},"fnMap":{"0":{"name":"(anonymous_0)","decl":{"start":{"line":13,"column":10},"end":{"line":13,"column":11}},"loc":{"start":{"line":13,"column":14},"end":{"line":176,"column":1}},"line":13},"1":{"name":"(anonymous_1)","decl":{"start":{"line":23,"column":12},"end":{"line":23,"column":13}},"loc":{"start":{"line":23,"column":16},"end":{"line":32,"column":5}},"line":23},"2":{"name":"(anonymous_2)","decl":{"start":{"line":28,"column":11},"end":{"line":28,"column":12}},"loc":{"start":{"line":28,"column":25},"end":{"line":30,"column":12}},"line":28},"3":{"name":"(anonymous_3)","decl":{"start":{"line":35,"column":14},"end":{"line":35,"column":15}},"loc":{"start":{"line":35,"column":20},"end":{"line":42,"column":7}},"line":35},"4":{"name":"(anonymous_4)","decl":{"start":{"line":44,"column":22},"end":{"line":44,"column":23}},"loc":{"start":{"line":44,"column":39},"end":{"line":66,"column":3}},"line":44},"5":{"name":"(anonymous_5)","decl":{"start":{"line":62,"column":17},"end":{"line":62,"column":18}},"loc":{"start":{"line":62,"column":23},"end":{"line":64,"column":7}},"line":62},"6":{"name":"(anonymous_6)","decl":{"start":{"line":68,"column":22},"end":{"line":68,"column":23}},"loc":{"start":{"line":68,"column":37},"end":{"line":75,"column":1}},"line":68},"7":{"name":"(anonymous_7)","decl":{"start":{"line":69,"column":26},"end":{"line":69,"column":27}},"loc":{"start":{"line":69,"column":29},"end":{"line":69,"column":42}},"line":69},"8":{"name":"(anonymous_8)","decl":{"start":{"line":74,"column":26},"end":{"line":74,"column":27}},"loc":{"start":{"line":74,"column":29},"end":{"line":74,"column":55}},"line":74},"9":{"name":"(anonymous_9)","decl":{"start":{"line":77,"column":13},"end":{"line":77,"column":14}},"loc":{"start":{"line":77,"column":17},"end":{"line":83,"column":5}},"line":77},"10":{"name":"(anonymous_10)","decl":{"start":{"line":77,"column":27},"end":{"line":77,"column":28}},"loc":{"start":{"line":78,"column":4},"end":{"line":82,"column":7}},"line":78},"11":{"name":"(anonymous_11)","decl":{"start":{"line":87,"column":17},"end":{"line":87,"column":18}},"loc":{"start":{"line":87,"column":27},"end":{"line":112,"column":1}},"line":87},"12":{"name":"(anonymous_12)","decl":{"start":{"line":102,"column":16},"end":{"line":102,"column":17}},"loc":{"start":{"line":102,"column":20},"end":{"line":104,"column":6}},"line":102},"13":{"name":"(anonymous_13)","decl":{"start":{"line":108,"column":15},"end":{"line":108,"column":16}},"loc":{"start":{"line":108,"column":19},"end":{"line":110,"column":5}},"line":108},"14":{"name":"(anonymous_14)","decl":{"start":{"line":114,"column":17},"end":{"line":114,"column":18}},"loc":{"start":{"line":114,"column":21},"end":{"line":122,"column":1}},"line":114},"15":{"name":"(anonymous_15)","decl":{"start":{"line":119,"column":18},"end":{"line":119,"column":19}},"loc":{"start":{"line":119,"column":22},"end":{"line":121,"column":8}},"line":119},"16":{"name":"(anonymous_16)","decl":{"start":{"line":124,"column":16},"end":{"line":124,"column":17}},"loc":{"start":{"line":124,"column":20},"end":{"line":144,"column":3}},"line":124},"17":{"name":"(anonymous_17)","decl":{"start":{"line":154,"column":23},"end":{"line":154,"column":24}},"loc":{"start":{"line":154,"column":27},"end":{"line":154,"column":35}},"line":154}},"branchMap":{"0":{"loc":{"start":{"line":37,"column":8},"end":{"line":41,"column":18}},"type":"if","locations":[{"start":{"line":37,"column":8},"end":{"line":41,"column":18}},{"start":{"line":37,"column":8},"end":{"line":41,"column":18}}],"line":37},"1":{"loc":{"start":{"line":74,"column":29},"end":{"line":74,"column":55}},"type":"cond-expr","locations":[{"start":{"line":74,"column":46},"end":{"line":74,"column":47}},{"start":{"line":74,"column":48},"end":{"line":74,"column":55}}],"line":74},"2":{"loc":{"start":{"line":150,"column":6},"end":{"line":169,"column":12}},"type":"cond-expr","locations":[{"start":{"line":151,"column":7},"end":{"line":151,"column":18}},{"start":{"line":152,"column":7},"end":{"line":169,"column":12}}],"line":150}},"s":{"0":0,"1":0,"2":0,"3":0,"4":0,"5":0,"6":0,"7":0,"8":0,"9":0,"10":0,"11":0,"12":0,"13":0,"14":0,"15":0,"16":0,"17":0,"18":0,"19":0,"20":0,"21":0,"22":0,"23":0,"24":0,"25":0,"26":0,"27":0,"28":0,"29":0,"30":0,"31":0,"32":0,"33":0,"34":0,"35":0,"36":0,"37":0,"38":0,"39":0,"40":0,"41":0,"42":0,"43":0,"44":0,"45":0,"46":0,"47":0,"48":0,"49":0,"50":0,"51":0,"52":0,"53":0,"54":0,"55":0,"56":0,"57":0,"58":0,"59":0,"60":0,"61":0,"62":0,"63":0,"64":0,"65":0,"66":0,"67":0},"f":{"0":0,"1":0,"2":0,"3":0,"4":0,"5":0,"6":0,"7":0,"8":0,"9":0,"10":0,"11":0,"12":0,"13":0,"14":0,"15":0,"16":0,"17":0},"b":{"0":[0,0],"1":[0,0],"2":[0,0]},"hash":"8718cb1fbf395dfb562af07bff2f1cba7d6d2dc6"}
,"E:\\ReactCode\\CoursesFullstack\\bloglist-frontend\\src\\index.js": {"path":"E:\\ReactCode\\CoursesFullstack\\bloglist-frontend\\src\\index.js","statementMap":{"0":{"start":{"line":7,"column":0},"end":{"line":7,"column":58}},"1":{"start":{"line":9,"column":0},"end":{"line":11,"column":1}},"2":{"start":{"line":10,"column":4},"end":{"line":10,"column":24}}},"fnMap":{},"branchMap":{"0":{"loc":{"start":{"line":9,"column":0},"end":{"line":11,"column":1}},"type":"if","locations":[{"start":{"line":9,"column":0},"end":{"line":11,"column":1}},{"start":{"line":9,"column":0},"end":{"line":11,"column":1}}],"line":9}},"s":{"0":0,"1":0,"2":0},"f":{},"b":{"0":[0,0]},"hash":"38045a64405edbd1eea1de370cf8667979e29dfc"}
,"E:\\ReactCode\\CoursesFullstack\\bloglist-frontend\\src\\serviceWorker.js": {"path":"E:\\ReactCode\\CoursesFullstack\\bloglist-frontend\\src\\serviceWorker.js","statementMap":{"0":{"start":{"line":13,"column":20},"end":{"line":21,"column":1}},"1":{"start":{"line":24,"column":2},"end":{"line":54,"column":3}},"2":{"start":{"line":26,"column":22},"end":{"line":26,"column":75}},"3":{"start":{"line":27,"column":4},"end":{"line":32,"column":5}},"4":{"start":{"line":31,"column":6},"end":{"line":31,"column":13}},"5":{"start":{"line":34,"column":4},"end":{"line":53,"column":7}},"6":{"start":{"line":35,"column":20},"end":{"line":35,"column":65}},"7":{"start":{"line":37,"column":6},"end":{"line":52,"column":7}},"8":{"start":{"line":39,"column":8},"end":{"line":39,"column":47}},"9":{"start":{"line":43,"column":8},"end":{"line":48,"column":11}},"10":{"start":{"line":44,"column":10},"end":{"line":47,"column":12}},"11":{"start":{"line":51,"column":8},"end":{"line":51,"column":39}},"12":{"start":{"line":58,"column":2},"end":{"line":98,"column":7}},"13":{"start":{"line":61,"column":6},"end":{"line":94,"column":8}},"14":{"start":{"line":62,"column":33},"end":{"line":62,"column":56}},"15":{"start":{"line":63,"column":8},"end":{"line":65,"column":9}},"16":{"start":{"line":64,"column":10},"end":{"line":64,"column":17}},"17":{"start":{"line":66,"column":8},"end":{"line":93,"column":10}},"18":{"start":{"line":67,"column":10},"end":{"line":92,"column":11}},"19":{"start":{"line":68,"column":12},"end":{"line":91,"column":13}},"20":{"start":{"line":72,"column":14},"end":{"line":75,"column":16}},"21":{"start":{"line":78,"column":14},"end":{"line":80,"column":15}},"22":{"start":{"line":79,"column":16},"end":{"line":79,"column":46}},"23":{"start":{"line":85,"column":14},"end":{"line":85,"column":64}},"24":{"start":{"line":88,"column":14},"end":{"line":90,"column":15}},"25":{"start":{"line":89,"column":16},"end":{"line":89,"column":47}},"26":{"start":{"line":97,"column":6},"end":{"line":97,"column":72}},"27":{"start":{"line":103,"column":2},"end":{"line":126,"column":7}},"28":{"start":{"line":106,"column":26},"end":{"line":106,"column":62}},"29":{"start":{"line":107,"column":6},"end":{"line":120,"column":7}},"30":{"start":{"line":112,"column":8},"end":{"line":116,"column":11}},"31":{"start":{"line":113,"column":10},"end":{"line":115,"column":13}},"32":{"start":{"line":114,"column":12},"end":{"line":114,"column":37}},"33":{"start":{"line":119,"column":8},"end":{"line":119,"column":39}},"34":{"start":{"line":123,"column":6},"end":{"line":125,"column":8}},"35":{"start":{"line":130,"column":2},"end":{"line":134,"column":3}},"36":{"start":{"line":131,"column":4},"end":{"line":133,"column":7}},"37":{"start":{"line":132,"column":6},"end":{"line":132,"column":32}}},"fnMap":{"0":{"name":"register","decl":{"start":{"line":23,"column":16},"end":{"line":23,"column":24}},"loc":{"start":{"line":23,"column":33},"end":{"line":55,"column":1}},"line":23},"1":{"name":"(anonymous_1)","decl":{"start":{"line":34,"column":36},"end":{"line":34,"column":37}},"loc":{"start":{"line":34,"column":42},"end":{"line":53,"column":5}},"line":34},"2":{"name":"(anonymous_2)","decl":{"start":{"line":43,"column":43},"end":{"line":43,"column":44}},"loc":{"start":{"line":43,"column":49},"end":{"line":48,"column":9}},"line":43},"3":{"name":"registerValidSW","decl":{"start":{"line":57,"column":9},"end":{"line":57,"column":24}},"loc":{"start":{"line":57,"column":40},"end":{"line":99,"column":1}},"line":57},"4":{"name":"(anonymous_4)","decl":{"start":{"line":60,"column":10},"end":{"line":60,"column":11}},"loc":{"start":{"line":60,"column":26},"end":{"line":95,"column":5}},"line":60},"5":{"name":"(anonymous_5)","decl":{"start":{"line":61,"column":35},"end":{"line":61,"column":36}},"loc":{"start":{"line":61,"column":41},"end":{"line":94,"column":7}},"line":61},"6":{"name":"(anonymous_6)","decl":{"start":{"line":66,"column":41},"end":{"line":66,"column":42}},"loc":{"start":{"line":66,"column":47},"end":{"line":93,"column":9}},"line":66},"7":{"name":"(anonymous_7)","decl":{"start":{"line":96,"column":11},"end":{"line":96,"column":12}},"loc":{"start":{"line":96,"column":20},"end":{"line":98,"column":5}},"line":96},"8":{"name":"checkValidServiceWorker","decl":{"start":{"line":101,"column":9},"end":{"line":101,"column":32}},"loc":{"start":{"line":101,"column":48},"end":{"line":127,"column":1}},"line":101},"9":{"name":"(anonymous_9)","decl":{"start":{"line":104,"column":10},"end":{"line":104,"column":11}},"loc":{"start":{"line":104,"column":22},"end":{"line":121,"column":5}},"line":104},"10":{"name":"(anonymous_10)","decl":{"start":{"line":112,"column":43},"end":{"line":112,"column":44}},"loc":{"start":{"line":112,"column":59},"end":{"line":116,"column":9}},"line":112},"11":{"name":"(anonymous_11)","decl":{"start":{"line":113,"column":41},"end":{"line":113,"column":42}},"loc":{"start":{"line":113,"column":47},"end":{"line":115,"column":11}},"line":113},"12":{"name":"(anonymous_12)","decl":{"start":{"line":122,"column":11},"end":{"line":122,"column":12}},"loc":{"start":{"line":122,"column":17},"end":{"line":126,"column":5}},"line":122},"13":{"name":"unregister","decl":{"start":{"line":129,"column":16},"end":{"line":129,"column":26}},"loc":{"start":{"line":129,"column":29},"end":{"line":135,"column":1}},"line":129},"14":{"name":"(anonymous_14)","decl":{"start":{"line":131,"column":39},"end":{"line":131,"column":40}},"loc":{"start":{"line":131,"column":55},"end":{"line":133,"column":5}},"line":131}},"branchMap":{"0":{"loc":{"start":{"line":14,"column":2},"end":{"line":20,"column":5}},"type":"binary-expr","locations":[{"start":{"line":14,"column":2},"end":{"line":14,"column":42}},{"start":{"line":16,"column":4},"end":{"line":16,"column":40}},{"start":{"line":18,"column":4},"end":{"line":20,"column":5}}],"line":14},"1":{"loc":{"start":{"line":24,"column":2},"end":{"line":54,"column":3}},"type":"if","locations":[{"start":{"line":24,"column":2},"end":{"line":54,"column":3}},{"start":{"line":24,"column":2},"end":{"line":54,"column":3}}],"line":24},"2":{"loc":{"start":{"line":24,"column":6},"end":{"line":24,"column":75}},"type":"binary-expr","locations":[{"start":{"line":24,"column":6},"end":{"line":24,"column":43}},{"start":{"line":24,"column":47},"end":{"line":24,"column":75}}],"line":24},"3":{"loc":{"start":{"line":27,"column":4},"end":{"line":32,"column":5}},"type":"if","locations":[{"start":{"line":27,"column":4},"end":{"line":32,"column":5}},{"start":{"line":27,"column":4},"end":{"line":32,"column":5}}],"line":27},"4":{"loc":{"start":{"line":37,"column":6},"end":{"line":52,"column":7}},"type":"if","locations":[{"start":{"line":37,"column":6},"end":{"line":52,"column":7}},{"start":{"line":37,"column":6},"end":{"line":52,"column":7}}],"line":37},"5":{"loc":{"start":{"line":63,"column":8},"end":{"line":65,"column":9}},"type":"if","locations":[{"start":{"line":63,"column":8},"end":{"line":65,"column":9}},{"start":{"line":63,"column":8},"end":{"line":65,"column":9}}],"line":63},"6":{"loc":{"start":{"line":67,"column":10},"end":{"line":92,"column":11}},"type":"if","locations":[{"start":{"line":67,"column":10},"end":{"line":92,"column":11}},{"start":{"line":67,"column":10},"end":{"line":92,"column":11}}],"line":67},"7":{"loc":{"start":{"line":68,"column":12},"end":{"line":91,"column":13}},"type":"if","locations":[{"start":{"line":68,"column":12},"end":{"line":91,"column":13}},{"start":{"line":68,"column":12},"end":{"line":91,"column":13}}],"line":68},"8":{"loc":{"start":{"line":78,"column":14},"end":{"line":80,"column":15}},"type":"if","locations":[{"start":{"line":78,"column":14},"end":{"line":80,"column":15}},{"start":{"line":78,"column":14},"end":{"line":80,"column":15}}],"line":78},"9":{"loc":{"start":{"line":78,"column":18},"end":{"line":78,"column":43}},"type":"binary-expr","locations":[{"start":{"line":78,"column":18},"end":{"line":78,"column":24}},{"start":{"line":78,"column":28},"end":{"line":78,"column":43}}],"line":78},"10":{"loc":{"start":{"line":88,"column":14},"end":{"line":90,"column":15}},"type":"if","locations":[{"start":{"line":88,"column":14},"end":{"line":90,"column":15}},{"start":{"line":88,"column":14},"end":{"line":90,"column":15}}],"line":88},"11":{"loc":{"start":{"line":88,"column":18},"end":{"line":88,"column":44}},"type":"binary-expr","locations":[{"start":{"line":88,"column":18},"end":{"line":88,"column":24}},{"start":{"line":88,"column":28},"end":{"line":88,"column":44}}],"line":88},"12":{"loc":{"start":{"line":107,"column":6},"end":{"line":120,"column":7}},"type":"if","locations":[{"start":{"line":107,"column":6},"end":{"line":120,"column":7}},{"start":{"line":107,"column":6},"end":{"line":120,"column":7}}],"line":107},"13":{"loc":{"start":{"line":108,"column":8},"end":{"line":109,"column":73}},"type":"binary-expr","locations":[{"start":{"line":108,"column":8},"end":{"line":108,"column":31}},{"start":{"line":109,"column":9},"end":{"line":109,"column":28}},{"start":{"line":109,"column":32},"end":{"line":109,"column":72}}],"line":108},"14":{"loc":{"start":{"line":130,"column":2},"end":{"line":134,"column":3}},"type":"if","locations":[{"start":{"line":130,"column":2},"end":{"line":134,"column":3}},{"start":{"line":130,"column":2},"end":{"line":134,"column":3}}],"line":130}},"s":{"0":0,"1":0,"2":0,"3":0,"4":0,"5":0,"6":0,"7":0,"8":0,"9":0,"10":0,"11":0,"12":0,"13":0,"14":0,"15":0,"16":0,"17":0,"18":0,"19":0,"20":0,"21":0,"22":0,"23":0,"24":0,"25":0,"26":0,"27":0,"28":0,"29":0,"30":0,"31":0,"32":0,"33":0,"34":0,"35":0,"36":0,"37":0},"f":{"0":0,"1":0,"2":0,"3":0,"4":0,"5":0,"6":0,"7":0,"8":0,"9":0,"10":0,"11":0,"12":0,"13":0,"14":0},"b":{"0":[0,0,0],"1":[0,0],"2":[0,0],"3":[0,0],"4":[0,0],"5":[0,0],"6":[0,0],"7":[0,0],"8":[0,0],"9":[0,0],"10":[0,0],"11":[0,0],"12":[0,0],"13":[0,0,0],"14":[0,0]},"hash":"6fff1eac68c79735d573960c81301919735d3911"}
,"E:\\ReactCode\\CoursesFullstack\\bloglist-frontend\\src\\components\\Blog.js": {"path":"E:\\ReactCode\\CoursesFullstack\\bloglist-frontend\\src\\components\\Blog.js","statementMap":{"0":{"start":{"line":2,"column":13},"end":{"line":39,"column":1}},"1":{"start":{"line":3,"column":14},"end":{"line":3,"column":24}},"2":{"start":{"line":4,"column":24},"end":{"line":4,"column":39}},"3":{"start":{"line":5,"column":20},"end":{"line":12,"column":3}},"4":{"start":{"line":13,"column":17},"end":{"line":13,"column":41}},"5":{"start":{"line":14,"column":16},"end":{"line":14,"column":40}},"6":{"start":{"line":15,"column":23},"end":{"line":17,"column":5}},"7":{"start":{"line":16,"column":8},"end":{"line":16,"column":22}},"8":{"start":{"line":19,"column":2},"end":{"line":38,"column":1}},"9":{"start":{"line":33,"column":25},"end":{"line":33,"column":53}}},"fnMap":{"0":{"name":"(anonymous_0)","decl":{"start":{"line":2,"column":13},"end":{"line":2,"column":14}},"loc":{"start":{"line":2,"column":24},"end":{"line":39,"column":1}},"line":2},"1":{"name":"(anonymous_1)","decl":{"start":{"line":15,"column":23},"end":{"line":15,"column":24}},"loc":{"start":{"line":15,"column":27},"end":{"line":17,"column":5}},"line":15},"2":{"name":"(anonymous_2)","decl":{"start":{"line":33,"column":21},"end":{"line":33,"column":22}},"loc":{"start":{"line":33,"column":25},"end":{"line":33,"column":53}},"line":33}},"branchMap":{"0":{"loc":{"start":{"line":13,"column":26},"end":{"line":13,"column":40}},"type":"cond-expr","locations":[{"start":{"line":13,"column":31},"end":{"line":13,"column":37}},{"start":{"line":13,"column":38},"end":{"line":13,"column":40}}],"line":13},"1":{"loc":{"start":{"line":14,"column":25},"end":{"line":14,"column":39}},"type":"cond-expr","locations":[{"start":{"line":14,"column":30},"end":{"line":14,"column":32}},{"start":{"line":14,"column":33},"end":{"line":14,"column":39}}],"line":14}},"s":{"0":0,"1":0,"2":0,"3":0,"4":0,"5":0,"6":0,"7":0,"8":0,"9":0},"f":{"0":0,"1":0,"2":0},"b":{"0":[0,0],"1":[0,0]},"hash":"d54f62c1b34abbab15e06e99264825cb05559df8"}
,"E:\\ReactCode\\CoursesFullstack\\bloglist-frontend\\src\\components\\LoginForm.js": {"path":"E:\\ReactCode\\CoursesFullstack\\bloglist-frontend\\src\\components\\LoginForm.js","statementMap":{"0":{"start":{"line":3,"column":18},"end":{"line":29,"column":3}},"1":{"start":{"line":5,"column":4},"end":{"line":28,"column":10}},"2":{"start":{"line":14,"column":34},"end":{"line":14,"column":61}},"3":{"start":{"line":23,"column":34},"end":{"line":23,"column":61}}},"fnMap":{"0":{"name":"(anonymous_0)","decl":{"start":{"line":3,"column":18},"end":{"line":3,"column":19}},"loc":{"start":{"line":5,"column":4},"end":{"line":28,"column":10}},"line":5},"1":{"name":"(anonymous_1)","decl":{"start":{"line":14,"column":20},"end":{"line":14,"column":21}},"loc":{"start":{"line":14,"column":34},"end":{"line":14,"column":61}},"line":14},"2":{"name":"(anonymous_2)","decl":{"start":{"line":23,"column":20},"end":{"line":23,"column":21}},"loc":{"start":{"line":23,"column":34},"end":{"line":23,"column":61}},"line":23}},"branchMap":{},"s":{"0":0,"1":0,"2":0,"3":0},"f":{"0":0,"1":0,"2":0},"b":{},"hash":"014a6537fe9a2a1738d29b55080bd86aba6f0707"}
,"E:\\ReactCode\\CoursesFullstack\\bloglist-frontend\\src\\components\\Notification.js": {"path":"E:\\ReactCode\\CoursesFullstack\\bloglist-frontend\\src\\components\\Notification.js","statementMap":{"0":{"start":{"line":4,"column":21},"end":{"line":14,"column":1}},"1":{"start":{"line":5,"column":2},"end":{"line":7,"column":3}},"2":{"start":{"line":6,"column":4},"end":{"line":6,"column":15}},"3":{"start":{"line":9,"column":2},"end":{"line":13,"column":3}}},"fnMap":{"0":{"name":"(anonymous_0)","decl":{"start":{"line":4,"column":21},"end":{"line":4,"column":22}},"loc":{"start":{"line":4,"column":38},"end":{"line":14,"column":1}},"line":4}},"branchMap":{"0":{"loc":{"start":{"line":5,"column":2},"end":{"line":7,"column":3}},"type":"if","locations":[{"start":{"line":5,"column":2},"end":{"line":7,"column":3}},{"start":{"line":5,"column":2},"end":{"line":7,"column":3}}],"line":5}},"s":{"0":0,"1":0,"2":0,"3":0},"f":{"0":0},"b":{"0":[0,0]},"hash":"62d80b105cbbd73ba9dccf28c8e3ae00c9600d41"}
,"E:\\ReactCode\\CoursesFullstack\\bloglist-frontend\\src\\components\\Togglable.js": {"path":"E:\\ReactCode\\CoursesFullstack\\bloglist-frontend\\src\\components\\Togglable.js","statementMap":{"0":{"start":{"line":4,"column":16},"end":{"line":32,"column":2}},"1":{"start":{"line":5,"column":28},"end":{"line":5,"column":43}},"2":{"start":{"line":8,"column":26},"end":{"line":8,"column":59}},"3":{"start":{"line":9,"column":28},"end":{"line":9,"column":61}},"4":{"start":{"line":11,"column":27},"end":{"line":13,"column":5}},"5":{"start":{"line":12,"column":8},"end":{"line":12,"column":28}},"6":{"start":{"line":14,"column":1},"end":{"line":18,"column":6}},"7":{"start":{"line":15,"column":7},"end":{"line":17,"column":16}},"8":{"start":{"line":19,"column":4},"end":{"line":31,"column":5}},"9":{"start":{"line":34,"column":0},"end":{"line":36,"column":1}}},"fnMap":{"0":{"name":"(anonymous_0)","decl":{"start":{"line":4,"column":33},"end":{"line":4,"column":34}},"loc":{"start":{"line":4,"column":47},"end":{"line":32,"column":1}},"line":4},"1":{"name":"(anonymous_1)","decl":{"start":{"line":11,"column":27},"end":{"line":11,"column":28}},"loc":{"start":{"line":11,"column":31},"end":{"line":13,"column":5}},"line":11},"2":{"name":"(anonymous_2)","decl":{"start":{"line":14,"column":26},"end":{"line":14,"column":27}},"loc":{"start":{"line":14,"column":32},"end":{"line":18,"column":5}},"line":14}},"branchMap":{"0":{"loc":{"start":{"line":8,"column":37},"end":{"line":8,"column":57}},"type":"cond-expr","locations":[{"start":{"line":8,"column":46},"end":{"line":8,"column":52}},{"start":{"line":8,"column":55},"end":{"line":8,"column":57}}],"line":8},"1":{"loc":{"start":{"line":9,"column":39},"end":{"line":9,"column":59}},"type":"cond-expr","locations":[{"start":{"line":9,"column":49},"end":{"line":9,"column":51}},{"start":{"line":9,"column":53},"end":{"line":9,"column":59}}],"line":9}},"s":{"0":1,"1":7,"2":7,"3":7,"4":7,"5":3,"6":7,"7":0,"8":7,"9":1},"f":{"0":7,"1":3,"2":0},"b":{"0":[2,5],"1":[2,5]},"_coverageSchema":"43e27e138ebf9cfc5966b082cf9a028302ed4184","hash":"f509d84fc3097e73854090eb30772ea650e7befc"}
,"E:\\ReactCode\\CoursesFullstack\\bloglist-frontend\\src\\components\\blogForm.js": {"path":"E:\\ReactCode\\CoursesFullstack\\bloglist-frontend\\src\\components\\blogForm.js","statementMap":{"0":{"start":{"line":4,"column":15},"end":{"line":37,"column":1}},"1":{"start":{"line":5,"column":2},"end":{"line":36,"column":3}},"2":{"start":{"line":13,"column":33},"end":{"line":13,"column":61}},"3":{"start":{"line":22,"column":33},"end":{"line":22,"column":62}},"4":{"start":{"line":31,"column":33},"end":{"line":31,"column":59}}},"fnMap":{"0":{"name":"(anonymous_0)","decl":{"start":{"line":4,"column":15},"end":{"line":4,"column":16}},"loc":{"start":{"line":4,"column":25},"end":{"line":37,"column":1}},"line":4},"1":{"name":"(anonymous_1)","decl":{"start":{"line":13,"column":20},"end":{"line":13,"column":21}},"loc":{"start":{"line":13,"column":32},"end":{"line":13,"column":62}},"line":13},"2":{"name":"(anonymous_2)","decl":{"start":{"line":22,"column":20},"end":{"line":22,"column":21}},"loc":{"start":{"line":22,"column":32},"end":{"line":22,"column":63}},"line":22},"3":{"name":"(anonymous_3)","decl":{"start":{"line":31,"column":20},"end":{"line":31,"column":21}},"loc":{"start":{"line":31,"column":32},"end":{"line":31,"column":60}},"line":31}},"branchMap":{},"s":{"0":0,"1":0,"2":0,"3":0,"4":0},"f":{"0":0,"1":0,"2":0,"3":0},"b":{},"hash":"9a7b3b901286247096844a0fa9d2cb6267ada443"}
,"E:\\ReactCode\\CoursesFullstack\\bloglist-frontend\\src\\components\\simpleBlog.js": {"path":"E:\\ReactCode\\CoursesFullstack\\bloglist-frontend\\src\\components\\simpleBlog.js","statementMap":{"0":{"start":{"line":3,"column":19},"end":{"line":13,"column":1}},"1":{"start":{"line":4,"column":2},"end":{"line":12,"column":8}}},"fnMap":{"0":{"name":"(anonymous_0)","decl":{"start":{"line":3,"column":19},"end":{"line":3,"column":20}},"loc":{"start":{"line":4,"column":2},"end":{"line":12,"column":8}},"line":4}},"branchMap":{},"s":{"0":1,"1":3},"f":{"0":3},"b":{},"_coverageSchema":"43e27e138ebf9cfc5966b082cf9a028302ed4184","hash":"e87c18bf2a21ee1935fd490556f2eac99218a44f"}
,"E:\\ReactCode\\CoursesFullstack\\bloglist-frontend\\src\\services\\blogs.js": {"path":"E:\\ReactCode\\CoursesFullstack\\bloglist-frontend\\src\\services\\blogs.js","statementMap":{"0":{"start":{"line":2,"column":16},"end":{"line":2,"column":28}},"1":{"start":{"line":4,"column":12},"end":{"line":4,"column":16}},"2":{"start":{"line":5,"column":17},"end":{"line":7,"column":1}},"3":{"start":{"line":6,"column":3},"end":{"line":6,"column":31}},"4":{"start":{"line":9,"column":15},"end":{"line":12,"column":1}},"5":{"start":{"line":10,"column":18},"end":{"line":10,"column":36}},"6":{"start":{"line":11,"column":2},"end":{"line":11,"column":48}},"7":{"start":{"line":11,"column":34},"end":{"line":11,"column":47}},"8":{"start":{"line":14,"column":17},"end":{"line":22,"column":1}},"9":{"start":{"line":15,"column":15},"end":{"line":17,"column":7}},"10":{"start":{"line":19,"column":19},"end":{"line":19,"column":63}},"11":{"start":{"line":20,"column":2},"end":{"line":20,"column":22}},"12":{"start":{"line":24,"column":14},"end":{"line":27,"column":1}},"13":{"start":{"line":25,"column":17},"end":{"line":25,"column":62}},"14":{"start":{"line":26,"column":10},"end":{"line":26,"column":27}}},"fnMap":{"0":{"name":"(anonymous_0)","decl":{"start":{"line":5,"column":17},"end":{"line":5,"column":18}},"loc":{"start":{"line":5,"column":29},"end":{"line":7,"column":1}},"line":5},"1":{"name":"(anonymous_1)","decl":{"start":{"line":9,"column":15},"end":{"line":9,"column":16}},"loc":{"start":{"line":9,"column":21},"end":{"line":12,"column":1}},"line":9},"2":{"name":"(anonymous_2)","decl":{"start":{"line":11,"column":22},"end":{"line":11,"column":23}},"loc":{"start":{"line":11,"column":34},"end":{"line":11,"column":47}},"line":11},"3":{"name":"(anonymous_3)","decl":{"start":{"line":14,"column":17},"end":{"line":14,"column":18}},"loc":{"start":{"line":14,"column":35},"end":{"line":22,"column":1}},"line":14},"4":{"name":"(anonymous_4)","decl":{"start":{"line":24,"column":14},"end":{"line":24,"column":15}},"loc":{"start":{"line":24,"column":35},"end":{"line":27,"column":1}},"line":24}},"branchMap":{},"s":{"0":0,"1":0,"2":0,"3":0,"4":0,"5":0,"6":0,"7":0,"8":0,"9":0,"10":0,"11":0,"12":0,"13":0,"14":0},"f":{"0":0,"1":0,"2":0,"3":0,"4":0},"b":{},"hash":"afef729846a54c5317041ecb474978074b2deddc"}
,"E:\\ReactCode\\CoursesFullstack\\bloglist-frontend\\src\\services\\login.js": {"path":"E:\\ReactCode\\CoursesFullstack\\bloglist-frontend\\src\\services\\login.js","statementMap":{"0":{"start":{"line":2,"column":16},"end":{"line":2,"column":28}},"1":{"start":{"line":6,"column":12},"end":{"line":9,"column":1}},"2":{"start":{"line":7,"column":18},"end":{"line":7,"column":54}},"3":{"start":{"line":8,"column":2},"end":{"line":8,"column":22}}},"fnMap":{"0":{"name":"(anonymous_0)","decl":{"start":{"line":6,"column":12},"end":{"line":6,"column":13}},"loc":{"start":{"line":6,"column":30},"end":{"line":9,"column":1}},"line":6}},"branchMap":{},"s":{"0":0,"1":0,"2":0,"3":0},"f":{"0":0},"b":{},"hash":"83f5201ac78348831fb3e4ab9b4a92f46a4c5b54"}
}
